c:\users\kim\desktop\davinchcode\x64\debug\vc143.pdb
c:\users\kim\desktop\davinchcode\x64\debug\vc143.idb
c:\users\kim\desktop\davinchcode\x64\debug\class.obj
c:\users\kim\desktop\davinchcode\x64\debug\main.obj
c:\users\kim\desktop\x64\debug\davinchcode.exe
c:\users\kim\desktop\davinchcode\x64\debug\davinchcode.ilk
c:\users\kim\desktop\x64\debug\davinchcode.pdb
c:\users\kim\desktop\다빈치코드\davinchcode\x64\debug\class.obj
c:\users\kim\desktop\다빈치코드\davinchcode\x64\debug\main.obj
c:\users\kim\desktop\다빈치코드\davinchcode\x64\debug\davinchcode.ilk
c:\users\kim\desktop\다빈치코드\davinchcode\x64\debug\vc142.idb
c:\users\kim\desktop\다빈치코드\davinchcode\x64\debug\vc143.idb
c:\users\kim\desktop\다빈치코드\davinchcode\x64\debug\vc142.pdb
c:\users\kim\desktop\다빈치코드\davinchcode\x64\debug\vc143.pdb
c:\users\kim\desktop\다빈치코드\davinchcode\x64\debug\davinchcode.tlog\cl.command.1.tlog
c:\users\kim\desktop\다빈치코드\davinchcode\x64\debug\davinchcode.tlog\cl.read.1.tlog
c:\users\kim\desktop\다빈치코드\davinchcode\x64\debug\davinchcode.tlog\cl.write.1.tlog
c:\users\kim\desktop\다빈치코드\davinchcode\x64\debug\davinchcode.tlog\link.command.1.tlog
c:\users\kim\desktop\다빈치코드\davinchcode\x64\debug\davinchcode.tlog\link.read.1.tlog
c:\users\kim\desktop\다빈치코드\davinchcode\x64\debug\davinchcode.tlog\link.write.1.tlog
